<?xml version="1.0" encoding="UTF-8"?>
<!-- Generated by org.testng.reporters.JUnitReportReporter -->
<testsuite name="autoitdriver.CalculatorTest" tests="1" time="6.773" ignored="0" failures="0" timestamp="25 окт 2017 09:50:03 GMT" skipped="0" hostname="AndreiPC" errors="0">
  <testcase name="test" time="6.773" classname="autoitdriver.CalculatorTest"/>
</testsuite> <!-- autoitdriver.CalculatorTest -->
