<?xml version="1.0" encoding="UTF-8"?>
<!-- Generated by org.testng.reporters.JUnitReportReporter -->
<testsuite name="winium.WiniumTest" tests="1" time="7.425" ignored="0" failures="0" timestamp="21 окт 2017 11:15:20 GMT" skipped="0" hostname="AndreiPC" errors="0">
  <testcase name="test" time="7.425" classname="winium.WiniumTest"/>
</testsuite> <!-- winium.WiniumTest -->
