<?xml version="1.0" encoding="UTF-8"?>
<!-- Generated by org.testng.reporters.JUnitReportReporter -->
<testsuite name="winium.NotepadTest" tests="1" time="2.878" ignored="0" failures="0" timestamp="31 окт 2017 09:55:11 GMT" skipped="0" hostname="AndreiPC" errors="0">
  <testcase name="test" time="2.878" classname="winium.NotepadTest"/>
</testsuite> <!-- winium.NotepadTest -->
