<?xml version="1.0" encoding="UTF-8"?>
<!-- Generated by org.testng.reporters.JUnitReportReporter -->
<testsuite name="winium.DriverRunner" tests="1" time="6.783" ignored="0" failures="0" timestamp="21 окт 2017 12:54:29 GMT" skipped="0" hostname="AndreiPC" errors="0">
  <testcase name="test" time="6.783" classname="winium.DriverRunner"/>
</testsuite> <!-- winium.DriverRunner -->
