<?xml version="1.0" encoding="UTF-8"?>
<!-- Generated by org.testng.reporters.JUnitReportReporter -->
<testsuite name="winium.DriverRunner" tests="1" time="17.793" ignored="0" failures="0" timestamp="26 окт 2017 07:47:12 GMT" skipped="0" hostname="AndreiPC" errors="0">
  <testcase name="test" time="17.793" classname="winium.DriverRunner"/>
</testsuite> <!-- winium.DriverRunner -->
