<?xml version="1.0" encoding="UTF-8"?>
<!-- Generated by org.testng.reporters.JUnitReportReporter -->
<testsuite name="winium.ExcelTest" tests="1" time="12.423" ignored="0" failures="0" timestamp="21 окт 2017 12:01:06 GMT" skipped="0" hostname="AndreiPC" errors="0">
  <testcase name="test" time="12.423" classname="winium.ExcelTest"/>
</testsuite> <!-- winium.ExcelTest -->
